<?xml version="1.0" encoding="UTF-8"?>
<!-- Generated by org.testng.reporters.JUnitReportReporter -->
<testsuite skipped="0" hostname="Abhijit" name="com.amazon.qa.test.LoginPageTest" tests="3" failures="0" timestamp="04 Dec 2018 04:29:11 GMT" time="129.747" errors="0">
  <testcase name="Signin" time="43.109" classname="com.amazon.qa.test.LoginPageTest"/>
  <testcase name="validateTitle" time="41.350" classname="com.amazon.qa.test.LoginPageTest"/>
  <testcase name="Login" time="45.288" classname="com.amazon.qa.test.LoginPageTest"/>
</testsuite> <!-- com.amazon.qa.test.LoginPageTest -->
