<?xml version="1.0" encoding="UTF-8"?>
<!-- Generated by org.testng.reporters.JUnitReportReporter -->
<testsuite skipped="0" hostname="Abhijit" name="com.amazon.qa.test.LoginPageTest" tests="3" failures="0" timestamp="05 Dec 2018 05:19:52 GMT" time="189.296" errors="0">
  <testcase name="Signin" time="67.008" classname="com.amazon.qa.test.LoginPageTest"/>
  <testcase name="validateTitle" time="54.412" classname="com.amazon.qa.test.LoginPageTest"/>
  <testcase name="Login" time="67.876" classname="com.amazon.qa.test.LoginPageTest"/>
</testsuite> <!-- com.amazon.qa.test.LoginPageTest -->
